<?xml version="1.0" encoding="UTF-8"?>
<testsuite name="com.example.demo.EmployeeRepositoryTests" tests="1" skipped="0" failures="0" errors="0" timestamp="2024-07-10T04:03:35" hostname="dhatris-Air.attlocal.net" time="6.42">
  <properties/>
  <testcase name="testSaveEmployee()" classname="com.example.demo.EmployeeRepositoryTests" time="6.42"/>
  <system-out><![CDATA[23:03:27.146 [Test worker] INFO org.springframework.test.context.support.AnnotationConfigContextLoaderUtils -- Could not detect default configuration classes for test class [com.example.demo.EmployeeRepositoryTests]: EmployeeRepositoryTests does not declare any static, non-private, non-final, nested classes annotated with @Configuration.
23:03:27.850 [Test worker] INFO org.springframework.boot.test.context.SpringBootTestContextBootstrapper -- Found @SpringBootConfiguration com.example.demo.FormApplication for test class com.example.demo.EmployeeRepositoryTests

  .   ____          _            __ _ _
 /\\ / ___'_ __ _ _(_)_ __  __ _ \ \ \ \
( ( )\___ | '_ | '_| | '_ \/ _` | \ \ \ \
 \\/  ___)| |_)| | | | | || (_| |  ) ) ) )
  '  |____| .__|_| |_|_| |_\__, | / / / /
 =========|_|==============|___/=/_/_/_/

 :: Spring Boot ::                (v3.3.1)

2024-07-09T23:03:30.733-05:00  INFO 5703 --- [    Test worker] c.example.demo.EmployeeRepositoryTests   : Starting EmployeeRepositoryTests using Java 17.0.11 with PID 5703 (started by dhatrinadth in /Users/dhatrinadth/Desktop/JAVA/demo1)
2024-07-09T23:03:30.744-05:00  INFO 5703 --- [    Test worker] c.example.demo.EmployeeRepositoryTests   : No active profile set, falling back to 1 default profile: "default"
2024-07-09T23:03:32.554-05:00  INFO 5703 --- [    Test worker] .s.d.r.c.RepositoryConfigurationDelegate : Bootstrapping Spring Data MongoDB repositories in DEFAULT mode.
2024-07-09T23:03:32.801-05:00  INFO 5703 --- [    Test worker] .s.d.r.c.RepositoryConfigurationDelegate : Finished Spring Data repository scanning in 227 ms. Found 1 MongoDB repository interface.
2024-07-09T23:03:34.190-05:00  INFO 5703 --- [    Test worker] org.mongodb.driver.client                : MongoClient with metadata {"driver": {"name": "mongo-java-driver|sync|spring-boot", "version": "5.0.1"}, "os": {"type": "Darwin", "name": "Mac OS X", "architecture": "x86_64", "version": "14.5"}, "platform": "Java/Amazon.com Inc./17.0.11+9-LTS"} created with settings MongoClientSettings{readPreference=primary, writeConcern=WriteConcern{w=null, wTimeout=null ms, journal=null}, retryWrites=true, retryReads=true, readConcern=ReadConcern{level=null}, credential=null, transportSettings=null, commandListeners=[], codecRegistry=ProvidersCodecRegistry{codecProviders=[ValueCodecProvider{}, BsonValueCodecProvider{}, DBRefCodecProvider{}, DBObjectCodecProvider{}, DocumentCodecProvider{}, CollectionCodecProvider{}, IterableCodecProvider{}, MapCodecProvider{}, GeoJsonCodecProvider{}, GridFSFileCodecProvider{}, Jsr310CodecProvider{}, JsonObjectCodecProvider{}, BsonCodecProvider{}, EnumCodecProvider{}, com.mongodb.client.model.mql.ExpressionCodecProvider@1491344a, com.mongodb.Jep395RecordCodecProvider@59b65dce, com.mongodb.KotlinCodecProvider@1386313f]}, loggerSettings=LoggerSettings{maxDocumentLength=1000}, clusterSettings={hosts=[localhost:27017], srvServiceName=mongodb, mode=SINGLE, requiredClusterType=UNKNOWN, requiredReplicaSetName='null', serverSelector='null', clusterListeners='[]', serverSelectionTimeout='30000 ms', localThreshold='15 ms'}, socketSettings=SocketSettings{connectTimeoutMS=10000, readTimeoutMS=0, receiveBufferSize=0, proxySettings=ProxySettings{host=null, port=null, username=null, password=null}}, heartbeatSocketSettings=SocketSettings{connectTimeoutMS=10000, readTimeoutMS=10000, receiveBufferSize=0, proxySettings=ProxySettings{host=null, port=null, username=null, password=null}}, connectionPoolSettings=ConnectionPoolSettings{maxSize=100, minSize=0, maxWaitTimeMS=120000, maxConnectionLifeTimeMS=0, maxConnectionIdleTimeMS=0, maintenanceInitialDelayMS=0, maintenanceFrequencyMS=60000, connectionPoolListeners=[], maxConnecting=2}, serverSettings=ServerSettings{heartbeatFrequencyMS=10000, minHeartbeatFrequencyMS=500, serverListeners='[]', serverMonitorListeners='[]'}, sslSettings=SslSettings{enabled=false, invalidHostNameAllowed=false, context=null}, applicationName='null', compressorList=[], uuidRepresentation=JAVA_LEGACY, serverApi=null, autoEncryptionSettings=null, dnsClient=null, inetAddressResolver=null, contextProvider=null}
2024-07-09T23:03:34.252-05:00  INFO 5703 --- [localhost:27017] org.mongodb.driver.cluster               : Monitor thread successfully connected to server with description ServerDescription{address=localhost:27017, type=STANDALONE, state=CONNECTED, ok=true, minWireVersion=0, maxWireVersion=21, maxDocumentSize=16777216, logicalSessionTimeoutMinutes=30, roundTripTimeNanos=99347776}
2024-07-09T23:03:35.725-05:00  INFO 5703 --- [    Test worker] c.example.demo.EmployeeRepositoryTests   : Started EmployeeRepositoryTests in 7.334 seconds (process running for 14.613)
]]></system-out>
  <system-err><![CDATA[]]></system-err>
</testsuite>
